19-Nov-2025 19:46:07.078 INFORMACIÓN [main] org.apache.catalina.startup.VersionLoggerListener.log Nombre de la versión del servidor: Apache Tomcat/10.1.48
19-Nov-2025 19:46:07.083 INFORMACIÓN [main] org.apache.catalina.startup.VersionLoggerListener.log Server built:                      Oct 10 2025 14:33:56 UTC
19-Nov-2025 19:46:07.083 INFORMACIÓN [main] org.apache.catalina.startup.VersionLoggerListener.log Número de versión de servidor:     10.1.48.0
19-Nov-2025 19:46:07.083 INFORMACIÓN [main] org.apache.catalina.startup.VersionLoggerListener.log OS Name:                           Linux
19-Nov-2025 19:46:07.083 INFORMACIÓN [main] org.apache.catalina.startup.VersionLoggerListener.log Versión de Systema Operativo:      6.14.0-35-generic
19-Nov-2025 19:46:07.083 INFORMACIÓN [main] org.apache.catalina.startup.VersionLoggerListener.log Arquitectura:                      amd64
19-Nov-2025 19:46:07.083 INFORMACIÓN [main] org.apache.catalina.startup.VersionLoggerListener.log Java Home:                         /usr/lib/jvm/java-21-openjdk-amd64
19-Nov-2025 19:46:07.084 INFORMACIÓN [main] org.apache.catalina.startup.VersionLoggerListener.log JVM Version:                       21.0.8+9-Ubuntu-0ubuntu124.04.1
19-Nov-2025 19:46:07.084 INFORMACIÓN [main] org.apache.catalina.startup.VersionLoggerListener.log Vededor JVM:                       Ubuntu
19-Nov-2025 19:46:07.084 INFORMACIÓN [main] org.apache.catalina.startup.VersionLoggerListener.log CATALINA_BASE:                     /home/gaston/Documentos/PDA/Lab2PDA/apache-tomcat-10.1.48
19-Nov-2025 19:46:07.084 INFORMACIÓN [main] org.apache.catalina.startup.VersionLoggerListener.log CATALINA_HOME:                     /home/gaston/Documentos/PDA/Lab2PDA/apache-tomcat-10.1.48
19-Nov-2025 19:46:07.094 INFORMACIÓN [main] org.apache.catalina.startup.VersionLoggerListener.log Command line argument:             -Djava.util.logging.config.file=/home/gaston/Documentos/PDA/Lab2PDA/apache-tomcat-10.1.48/conf/logging.properties
19-Nov-2025 19:46:07.094 INFORMACIÓN [main] org.apache.catalina.startup.VersionLoggerListener.log Command line argument:             -Djava.util.logging.manager=org.apache.juli.ClassLoaderLogManager
19-Nov-2025 19:46:07.095 INFORMACIÓN [main] org.apache.catalina.startup.VersionLoggerListener.log Command line argument:             -Djdk.tls.ephemeralDHKeySize=2048
19-Nov-2025 19:46:07.095 INFORMACIÓN [main] org.apache.catalina.startup.VersionLoggerListener.log Command line argument:             -Djava.protocol.handler.pkgs=org.apache.catalina.webresources
19-Nov-2025 19:46:07.095 INFORMACIÓN [main] org.apache.catalina.startup.VersionLoggerListener.log Command line argument:             -Dsun.io.useCanonCaches=false
19-Nov-2025 19:46:07.095 INFORMACIÓN [main] org.apache.catalina.startup.VersionLoggerListener.log Command line argument:             -Dorg.apache.catalina.security.SecurityListener.UMASK=0027
19-Nov-2025 19:46:07.095 INFORMACIÓN [main] org.apache.catalina.startup.VersionLoggerListener.log Command line argument:             --add-opens=java.base/java.lang=ALL-UNNAMED
19-Nov-2025 19:46:07.095 INFORMACIÓN [main] org.apache.catalina.startup.VersionLoggerListener.log Command line argument:             --add-opens=java.base/java.lang.reflect=ALL-UNNAMED
19-Nov-2025 19:46:07.095 INFORMACIÓN [main] org.apache.catalina.startup.VersionLoggerListener.log Command line argument:             --add-opens=java.base/java.io=ALL-UNNAMED
19-Nov-2025 19:46:07.096 INFORMACIÓN [main] org.apache.catalina.startup.VersionLoggerListener.log Command line argument:             --add-opens=java.base/java.util=ALL-UNNAMED
19-Nov-2025 19:46:07.096 INFORMACIÓN [main] org.apache.catalina.startup.VersionLoggerListener.log Command line argument:             --add-opens=java.base/java.util.concurrent=ALL-UNNAMED
19-Nov-2025 19:46:07.096 INFORMACIÓN [main] org.apache.catalina.startup.VersionLoggerListener.log Command line argument:             --add-opens=java.rmi/sun.rmi.transport=ALL-UNNAMED
19-Nov-2025 19:46:07.096 INFORMACIÓN [main] org.apache.catalina.startup.VersionLoggerListener.log Command line argument:             -Dcatalina.base=/home/gaston/Documentos/PDA/Lab2PDA/apache-tomcat-10.1.48
19-Nov-2025 19:46:07.096 INFORMACIÓN [main] org.apache.catalina.startup.VersionLoggerListener.log Command line argument:             -Dcatalina.home=/home/gaston/Documentos/PDA/Lab2PDA/apache-tomcat-10.1.48
19-Nov-2025 19:46:07.096 INFORMACIÓN [main] org.apache.catalina.startup.VersionLoggerListener.log Command line argument:             -Djava.io.tmpdir=/home/gaston/Documentos/PDA/Lab2PDA/apache-tomcat-10.1.48/temp
19-Nov-2025 19:46:07.106 INFORMACIÓN [main] org.apache.catalina.core.AprLifecycleListener.lifecycleEvent La biblioteca nativa de Apache Tomcat basada en ARP que permite un rendimiento óptimo en entornos de desarrollo no ha sido hallada en java.library.path: [/usr/java/packages/lib:/usr/lib/x86_64-linux-gnu/jni:/lib/x86_64-linux-gnu:/usr/lib/x86_64-linux-gnu:/usr/lib/jni:/lib:/usr/lib]
19-Nov-2025 19:46:07.481 INFORMACIÓN [main] org.apache.coyote.AbstractProtocol.init Inicializando el manejador de protocolo ["http-nio-8080"]

19-Nov-2025 19:46:07.509 INFORMACIÓN [main] org.apache.catalina.startup.Catalina.load Server initialization in [655] milliseconds
19-Nov-2025 19:46:07.571 INFORMACIÓN [main] org.apache.catalina.core.StandardService.startInternal Arrancando servicio [Catalina]
19-Nov-2025 19:46:07.572 INFORMACIÓN [main] org.apache.catalina.core.StandardEngine.startInternal Starting Servlet engine: [Apache Tomcat/10.1.48]
19-Nov-2025 19:46:07.596 INFORMACIÓN [main] org.apache.catalina.startup.HostConfig.deployWAR Despliegue del archivo [/home/gaston/Documentos/PDA/Lab2PDA/apache-tomcat-10.1.48/webapps/web.war] de la aplicación web
19-Nov-2025 19:46:07.627 INFORMACIÓN [main] org.apache.catalina.startup.ExpandWar.expand An expanded directory [/home/gaston/Documentos/PDA/Lab2PDA/apache-tomcat-10.1.48/webapps/web] was found with a last modified time that did not match the associated WAR. It will be deleted.
19-Nov-2025 19:46:10.064 INFORMACIÓN [main] org.apache.jasper.servlet.TldScanner.scanJars Al menos un JAR, que se ha explorado buscando TLDs, aún no contenía TLDs. Activar historial de depuración para este historiador para una completa lista de los JARs que fueron explorados y de los que nos se halló TLDs. Saltarse JARs no necesarios durante la exploración puede dar lugar a una mejora de tiempo significativa en el arranque y compilación de JSP .
19-Nov-2025 19:46:10.978 INFORMACIÓN [main] org.apache.catalina.startup.HostConfig.deployWAR Deployment of web application archive [/home/gaston/Documentos/PDA/Lab2PDA/apache-tomcat-10.1.48/webapps/web.war] has finished in [3.378] ms
19-Nov-2025 19:46:10.979 INFORMACIÓN [main] org.apache.catalina.startup.HostConfig.deployDirectory Desplegando el directorio [/home/gaston/Documentos/PDA/Lab2PDA/apache-tomcat-10.1.48/webapps/LabPDAWeb_war] de la aplicación web
19-Nov-2025 19:46:12.105 INFORMACIÓN [main] org.apache.jasper.servlet.TldScanner.scanJars Al menos un JAR, que se ha explorado buscando TLDs, aún no contenía TLDs. Activar historial de depuración para este historiador para una completa lista de los JARs que fueron explorados y de los que nos se halló TLDs. Saltarse JARs no necesarios durante la exploración puede dar lugar a una mejora de tiempo significativa en el arranque y compilación de JSP .
19-Nov-2025 19:46:12.756 INFORMACIÓN [main] org.apache.catalina.startup.HostConfig.deployDirectory Deployment of web application directory [/home/gaston/Documentos/PDA/Lab2PDA/apache-tomcat-10.1.48/webapps/LabPDAWeb_war] has finished in [1.776] ms
19-Nov-2025 19:46:12.757 INFORMACIÓN [main] org.apache.catalina.startup.HostConfig.deployDirectory Desplegando el directorio [/home/gaston/Documentos/PDA/Lab2PDA/apache-tomcat-10.1.48/webapps/ROOT] de la aplicación web
19-Nov-2025 19:46:12.779 INFORMACIÓN [main] org.apache.catalina.startup.HostConfig.deployDirectory Deployment of web application directory [/home/gaston/Documentos/PDA/Lab2PDA/apache-tomcat-10.1.48/webapps/ROOT] has finished in [23] ms
19-Nov-2025 19:46:12.780 INFORMACIÓN [main] org.apache.catalina.startup.HostConfig.deployDirectory Desplegando el directorio [/home/gaston/Documentos/PDA/Lab2PDA/apache-tomcat-10.1.48/webapps/examples] de la aplicación web
19-Nov-2025 19:46:12.940 INFORMACIÓN [main] org.apache.catalina.startup.HostConfig.deployDirectory Deployment of web application directory [/home/gaston/Documentos/PDA/Lab2PDA/apache-tomcat-10.1.48/webapps/examples] has finished in [159] ms
19-Nov-2025 19:46:12.940 INFORMACIÓN [main] org.apache.catalina.startup.HostConfig.deployDirectory Desplegando el directorio [/home/gaston/Documentos/PDA/Lab2PDA/apache-tomcat-10.1.48/webapps/manager] de la aplicación web
19-Nov-2025 19:46:12.965 INFORMACIÓN [main] org.apache.catalina.startup.HostConfig.deployDirectory Deployment of web application directory [/home/gaston/Documentos/PDA/Lab2PDA/apache-tomcat-10.1.48/webapps/manager] has finished in [24] ms
19-Nov-2025 19:46:12.965 INFORMACIÓN [main] org.apache.catalina.startup.HostConfig.deployDirectory Desplegando el directorio [/home/gaston/Documentos/PDA/Lab2PDA/apache-tomcat-10.1.48/webapps/docs] de la aplicación web
19-Nov-2025 19:46:12.981 INFORMACIÓN [main] org.apache.catalina.startup.HostConfig.deployDirectory Deployment of web application directory [/home/gaston/Documentos/PDA/Lab2PDA/apache-tomcat-10.1.48/webapps/docs] has finished in [15] ms
19-Nov-2025 19:46:12.981 INFORMACIÓN [main] org.apache.catalina.startup.HostConfig.deployDirectory Desplegando el directorio [/home/gaston/Documentos/PDA/Lab2PDA/apache-tomcat-10.1.48/webapps/host-manager] de la aplicación web
19-Nov-2025 19:46:12.998 INFORMACIÓN [main] org.apache.catalina.startup.HostConfig.deployDirectory Deployment of web application directory [/home/gaston/Documentos/PDA/Lab2PDA/apache-tomcat-10.1.48/webapps/host-manager] has finished in [17] ms
19-Nov-2025 19:46:13.003 INFORMACIÓN [main] org.apache.coyote.AbstractProtocol.start Starting ProtocolHandler ["http-nio-8080"]
19-Nov-2025 19:46:13.014 INFORMACIÓN [main] org.apache.catalina.startup.Catalina.start Server startup in [5503] milliseconds
