19-Nov-2025 18:19:48.269 INFORMACIÓN [main] org.apache.catalina.startup.VersionLoggerListener.log Nombre de la versión del servidor: Apache Tomcat/10.1.48
19-Nov-2025 18:19:48.269 INFORMACIÓN [main] org.apache.catalina.startup.VersionLoggerListener.log Server built:                      Oct 10 2025 14:33:56 UTC
19-Nov-2025 18:19:48.269 INFORMACIÓN [main] org.apache.catalina.startup.VersionLoggerListener.log Número de versión de servidor:     10.1.48.0
19-Nov-2025 18:19:48.269 INFORMACIÓN [main] org.apache.catalina.startup.VersionLoggerListener.log OS Name:                           Windows 11
19-Nov-2025 18:19:48.269 INFORMACIÓN [main] org.apache.catalina.startup.VersionLoggerListener.log Versión de Systema Operativo:      10.0
19-Nov-2025 18:19:48.269 INFORMACIÓN [main] org.apache.catalina.startup.VersionLoggerListener.log Arquitectura:                      amd64
19-Nov-2025 18:19:48.269 INFORMACIÓN [main] org.apache.catalina.startup.VersionLoggerListener.log Java Home:                         C:\Users\Santi-kun\AppData\Local\Programs\IntelliJ IDEA 2025.2.2\jbr
19-Nov-2025 18:19:48.269 INFORMACIÓN [main] org.apache.catalina.startup.VersionLoggerListener.log JVM Version:                       21.0.8+1-b1038.71
19-Nov-2025 18:19:48.269 INFORMACIÓN [main] org.apache.catalina.startup.VersionLoggerListener.log Vededor JVM:                       JetBrains s.r.o.
19-Nov-2025 18:19:48.285 INFORMACIÓN [main] org.apache.catalina.startup.VersionLoggerListener.log CATALINA_BASE:                     C:\Users\Santi-kun\IdeaProjects\PDA Entrega Final\PDA\Lab2PDA\apache-tomcat-10.1.48
19-Nov-2025 18:19:48.285 INFORMACIÓN [main] org.apache.catalina.startup.VersionLoggerListener.log CATALINA_HOME:                     C:\Users\Santi-kun\IdeaProjects\PDA Entrega Final\PDA\Lab2PDA\apache-tomcat-10.1.48
19-Nov-2025 18:19:48.347 INFORMACIÓN [main] org.apache.catalina.startup.VersionLoggerListener.log Command line argument:             -Djava.util.logging.config.file=C:\Users\Santi-kun\IdeaProjects\PDA Entrega Final\PDA\Lab2PDA\apache-tomcat-10.1.48\conf\logging.properties
19-Nov-2025 18:19:48.347 INFORMACIÓN [main] org.apache.catalina.startup.VersionLoggerListener.log Command line argument:             -Djava.util.logging.manager=org.apache.juli.ClassLoaderLogManager
19-Nov-2025 18:19:48.347 INFORMACIÓN [main] org.apache.catalina.startup.VersionLoggerListener.log Command line argument:             -Djdk.tls.ephemeralDHKeySize=2048
19-Nov-2025 18:19:48.347 INFORMACIÓN [main] org.apache.catalina.startup.VersionLoggerListener.log Command line argument:             -Djava.protocol.handler.pkgs=org.apache.catalina.webresources
19-Nov-2025 18:19:48.347 INFORMACIÓN [main] org.apache.catalina.startup.VersionLoggerListener.log Command line argument:             -Dsun.io.useCanonCaches=false
19-Nov-2025 18:19:48.347 INFORMACIÓN [main] org.apache.catalina.startup.VersionLoggerListener.log Command line argument:             --add-opens=java.base/java.lang=ALL-UNNAMED
19-Nov-2025 18:19:48.347 INFORMACIÓN [main] org.apache.catalina.startup.VersionLoggerListener.log Command line argument:             --add-opens=java.base/java.lang.reflect=ALL-UNNAMED
19-Nov-2025 18:19:48.347 INFORMACIÓN [main] org.apache.catalina.startup.VersionLoggerListener.log Command line argument:             --add-opens=java.base/java.io=ALL-UNNAMED
19-Nov-2025 18:19:48.347 INFORMACIÓN [main] org.apache.catalina.startup.VersionLoggerListener.log Command line argument:             --add-opens=java.base/java.util=ALL-UNNAMED
19-Nov-2025 18:19:48.347 INFORMACIÓN [main] org.apache.catalina.startup.VersionLoggerListener.log Command line argument:             --add-opens=java.base/java.util.concurrent=ALL-UNNAMED
19-Nov-2025 18:19:48.347 INFORMACIÓN [main] org.apache.catalina.startup.VersionLoggerListener.log Command line argument:             --add-opens=java.rmi/sun.rmi.transport=ALL-UNNAMED
19-Nov-2025 18:19:48.347 INFORMACIÓN [main] org.apache.catalina.startup.VersionLoggerListener.log Command line argument:             -Dcatalina.base=C:\Users\Santi-kun\IdeaProjects\PDA Entrega Final\PDA\Lab2PDA\apache-tomcat-10.1.48
19-Nov-2025 18:19:48.347 INFORMACIÓN [main] org.apache.catalina.startup.VersionLoggerListener.log Command line argument:             -Dcatalina.home=C:\Users\Santi-kun\IdeaProjects\PDA Entrega Final\PDA\Lab2PDA\apache-tomcat-10.1.48
19-Nov-2025 18:19:48.347 INFORMACIÓN [main] org.apache.catalina.startup.VersionLoggerListener.log Command line argument:             -Djava.io.tmpdir=C:\Users\Santi-kun\IdeaProjects\PDA Entrega Final\PDA\Lab2PDA\apache-tomcat-10.1.48\temp
19-Nov-2025 18:19:48.363 INFORMACIÓN [main] org.apache.catalina.core.AprLifecycleListener.lifecycleEvent La biblioteca nativa de Apache Tomcat basada en ARP que permite un rendimiento óptimo en entornos de desarrollo no ha sido hallada en java.library.path: [C:\Users\Santi-kun\AppData\Local\Programs\IntelliJ IDEA 2025.2.2\jbr\bin;C:\Windows\Sun\Java\bin;C:\Windows\system32;C:\Windows;C:\Windows\system32;C:\Windows;C:\Windows\System32\Wbem;C:\Windows\System32\WindowsPowerShell\v1.0\;C:\Windows\System32\OpenSSH\;C:\Program Files\Git\cmd;C:\Program Files\Docker\Docker\resources\bin;C:\Program Files\cursor\resources\app\bin;C:\Users\Santi-kun\scoop\apps\maven\current\bin;C:\Users\Santi-kun\scoop\shims;C:\Windows\system32;C:\Windows;C:\Windows\System32\Wbem;C:\Windows\System32\WindowsPowerShell\v1.0\;C:\Windows\System32\OpenSSH\;C:\Program Files\Git\cmd;C:\Program Files\Docker\Docker\resources\bin;C:\Users\Santi-kun\AppData\Local\Programs\Python\Python313\Scripts\;C:\Users\Santi-kun\AppData\Local\Programs\Python\Python313\;C:\Users\Santi-kun\AppData\Local\Microsoft\WindowsApps;C:\Users\Santi-kun\AppData\Local\Programs\IntelliJ IDEA 2025.2.2\bin;C:\Users\Santi-kun\AppData\Local\Programs\IntelliJ IDEA 2025.2.2\jbr\bin;C:\Users\Santi-kun\Desktop\ULTIMO ESFUERZOOO\apache-tomcat-10.1.48\apache-tomcat-10.1.48\bin;;.]
19-Nov-2025 18:19:48.831 INFORMACIÓN [main] org.apache.coyote.AbstractProtocol.init Inicializando el manejador de protocolo ["http-nio-8080"]

19-Nov-2025 18:19:48.863 INFORMACIÓN [main] org.apache.catalina.startup.Catalina.load Server initialization in [831] milliseconds
19-Nov-2025 18:19:48.941 INFORMACIÓN [main] org.apache.catalina.core.StandardService.startInternal Arrancando servicio [Catalina]
19-Nov-2025 18:19:48.941 INFORMACIÓN [main] org.apache.catalina.core.StandardEngine.startInternal Starting Servlet engine: [Apache Tomcat/10.1.48]
19-Nov-2025 18:19:48.988 INFORMACIÓN [main] org.apache.catalina.startup.HostConfig.deployWAR Despliegue del archivo [C:\Users\Santi-kun\IdeaProjects\PDA Entrega Final\PDA\Lab2PDA\apache-tomcat-10.1.48\webapps\web.war] de la aplicación web
19-Nov-2025 18:19:49.003 INFORMACIÓN [main] org.apache.catalina.startup.ExpandWar.expand An expanded directory [C:\Users\Santi-kun\IdeaProjects\PDA Entrega Final\PDA\Lab2PDA\apache-tomcat-10.1.48\webapps\web] was found with a last modified time that did not match the associated WAR. It will be deleted.
19-Nov-2025 18:19:57.303 INFORMACIÓN [main] org.apache.jasper.servlet.TldScanner.scanJars Al menos un JAR, que se ha explorado buscando TLDs, aún no contenía TLDs. Activar historial de depuración para este historiador para una completa lista de los JARs que fueron explorados y de los que nos se halló TLDs. Saltarse JARs no necesarios durante la exploración puede dar lugar a una mejora de tiempo significativa en el arranque y compilación de JSP .
19-Nov-2025 18:19:58.787 INFORMACIÓN [main] org.apache.catalina.startup.HostConfig.deployWAR Deployment of web application archive [C:\Users\Santi-kun\IdeaProjects\PDA Entrega Final\PDA\Lab2PDA\apache-tomcat-10.1.48\webapps\web.war] has finished in [9.799] ms
19-Nov-2025 18:19:58.787 INFORMACIÓN [main] org.apache.catalina.startup.HostConfig.deployDirectory Desplegando el directorio [C:\Users\Santi-kun\IdeaProjects\PDA Entrega Final\PDA\Lab2PDA\apache-tomcat-10.1.48\webapps\docs] de la aplicación web
19-Nov-2025 18:19:58.834 INFORMACIÓN [main] org.apache.catalina.startup.HostConfig.deployDirectory Deployment of web application directory [C:\Users\Santi-kun\IdeaProjects\PDA Entrega Final\PDA\Lab2PDA\apache-tomcat-10.1.48\webapps\docs] has finished in [47] ms
19-Nov-2025 18:19:58.834 INFORMACIÓN [main] org.apache.catalina.startup.HostConfig.deployDirectory Desplegando el directorio [C:\Users\Santi-kun\IdeaProjects\PDA Entrega Final\PDA\Lab2PDA\apache-tomcat-10.1.48\webapps\examples] de la aplicación web
19-Nov-2025 18:19:59.387 INFORMACIÓN [main] org.apache.catalina.startup.HostConfig.deployDirectory Deployment of web application directory [C:\Users\Santi-kun\IdeaProjects\PDA Entrega Final\PDA\Lab2PDA\apache-tomcat-10.1.48\webapps\examples] has finished in [552] ms
19-Nov-2025 18:19:59.387 INFORMACIÓN [main] org.apache.catalina.startup.HostConfig.deployDirectory Desplegando el directorio [C:\Users\Santi-kun\IdeaProjects\PDA Entrega Final\PDA\Lab2PDA\apache-tomcat-10.1.48\webapps\host-manager] de la aplicación web
19-Nov-2025 18:19:59.444 INFORMACIÓN [main] org.apache.catalina.startup.HostConfig.deployDirectory Deployment of web application directory [C:\Users\Santi-kun\IdeaProjects\PDA Entrega Final\PDA\Lab2PDA\apache-tomcat-10.1.48\webapps\host-manager] has finished in [57] ms
19-Nov-2025 18:19:59.445 INFORMACIÓN [main] org.apache.catalina.startup.HostConfig.deployDirectory Desplegando el directorio [C:\Users\Santi-kun\IdeaProjects\PDA Entrega Final\PDA\Lab2PDA\apache-tomcat-10.1.48\webapps\LabPDAWeb_war] de la aplicación web
19-Nov-2025 18:20:02.105 INFORMACIÓN [main] org.apache.jasper.servlet.TldScanner.scanJars Al menos un JAR, que se ha explorado buscando TLDs, aún no contenía TLDs. Activar historial de depuración para este historiador para una completa lista de los JARs que fueron explorados y de los que nos se halló TLDs. Saltarse JARs no necesarios durante la exploración puede dar lugar a una mejora de tiempo significativa en el arranque y compilación de JSP .
19-Nov-2025 18:20:03.463 INFORMACIÓN [main] org.apache.catalina.startup.HostConfig.deployDirectory Deployment of web application directory [C:\Users\Santi-kun\IdeaProjects\PDA Entrega Final\PDA\Lab2PDA\apache-tomcat-10.1.48\webapps\LabPDAWeb_war] has finished in [4.018] ms
19-Nov-2025 18:20:03.463 INFORMACIÓN [main] org.apache.catalina.startup.HostConfig.deployDirectory Desplegando el directorio [C:\Users\Santi-kun\IdeaProjects\PDA Entrega Final\PDA\Lab2PDA\apache-tomcat-10.1.48\webapps\manager] de la aplicación web
19-Nov-2025 18:20:03.521 INFORMACIÓN [main] org.apache.catalina.startup.HostConfig.deployDirectory Deployment of web application directory [C:\Users\Santi-kun\IdeaProjects\PDA Entrega Final\PDA\Lab2PDA\apache-tomcat-10.1.48\webapps\manager] has finished in [57] ms
19-Nov-2025 18:20:03.521 INFORMACIÓN [main] org.apache.catalina.startup.HostConfig.deployDirectory Desplegando el directorio [C:\Users\Santi-kun\IdeaProjects\PDA Entrega Final\PDA\Lab2PDA\apache-tomcat-10.1.48\webapps\ROOT] de la aplicación web
19-Nov-2025 18:20:03.548 INFORMACIÓN [main] org.apache.catalina.startup.HostConfig.deployDirectory Deployment of web application directory [C:\Users\Santi-kun\IdeaProjects\PDA Entrega Final\PDA\Lab2PDA\apache-tomcat-10.1.48\webapps\ROOT] has finished in [27] ms
19-Nov-2025 18:20:03.548 INFORMACIÓN [main] org.apache.coyote.AbstractProtocol.start Starting ProtocolHandler ["http-nio-8080"]
19-Nov-2025 18:20:03.580 INFORMACIÓN [main] org.apache.catalina.startup.Catalina.start Server startup in [14709] milliseconds
19-Nov-2025 18:49:20.604 INFORMACIÓN [main] org.apache.catalina.startup.VersionLoggerListener.log Nombre de la versión del servidor: Apache Tomcat/10.1.48
19-Nov-2025 18:49:20.604 INFORMACIÓN [main] org.apache.catalina.startup.VersionLoggerListener.log Server built:                      Oct 10 2025 14:33:56 UTC
19-Nov-2025 18:49:20.604 INFORMACIÓN [main] org.apache.catalina.startup.VersionLoggerListener.log Número de versión de servidor:     10.1.48.0
19-Nov-2025 18:49:20.604 INFORMACIÓN [main] org.apache.catalina.startup.VersionLoggerListener.log OS Name:                           Windows 11
19-Nov-2025 18:49:20.604 INFORMACIÓN [main] org.apache.catalina.startup.VersionLoggerListener.log Versión de Systema Operativo:      10.0
19-Nov-2025 18:49:20.604 INFORMACIÓN [main] org.apache.catalina.startup.VersionLoggerListener.log Arquitectura:                      amd64
19-Nov-2025 18:49:20.604 INFORMACIÓN [main] org.apache.catalina.startup.VersionLoggerListener.log Java Home:                         C:\Users\Santi-kun\AppData\Local\Programs\IntelliJ IDEA 2025.2.2\jbr
19-Nov-2025 18:49:20.604 INFORMACIÓN [main] org.apache.catalina.startup.VersionLoggerListener.log JVM Version:                       21.0.8+1-b1038.71
19-Nov-2025 18:49:20.604 INFORMACIÓN [main] org.apache.catalina.startup.VersionLoggerListener.log Vededor JVM:                       JetBrains s.r.o.
19-Nov-2025 18:49:20.604 INFORMACIÓN [main] org.apache.catalina.startup.VersionLoggerListener.log CATALINA_BASE:                     C:\Users\Santi-kun\IdeaProjects\PDA Entrega Final\PDA\Lab2PDA\apache-tomcat-10.1.48
19-Nov-2025 18:49:20.604 INFORMACIÓN [main] org.apache.catalina.startup.VersionLoggerListener.log CATALINA_HOME:                     C:\Users\Santi-kun\IdeaProjects\PDA Entrega Final\PDA\Lab2PDA\apache-tomcat-10.1.48
19-Nov-2025 18:49:20.635 INFORMACIÓN [main] org.apache.catalina.startup.VersionLoggerListener.log Command line argument:             -Djava.util.logging.config.file=C:\Users\Santi-kun\IdeaProjects\PDA Entrega Final\PDA\Lab2PDA\apache-tomcat-10.1.48\conf\logging.properties
19-Nov-2025 18:49:20.635 INFORMACIÓN [main] org.apache.catalina.startup.VersionLoggerListener.log Command line argument:             -Djava.util.logging.manager=org.apache.juli.ClassLoaderLogManager
19-Nov-2025 18:49:20.635 INFORMACIÓN [main] org.apache.catalina.startup.VersionLoggerListener.log Command line argument:             -Djdk.tls.ephemeralDHKeySize=2048
19-Nov-2025 18:49:20.635 INFORMACIÓN [main] org.apache.catalina.startup.VersionLoggerListener.log Command line argument:             -Djava.protocol.handler.pkgs=org.apache.catalina.webresources
19-Nov-2025 18:49:20.635 INFORMACIÓN [main] org.apache.catalina.startup.VersionLoggerListener.log Command line argument:             -Dsun.io.useCanonCaches=false
19-Nov-2025 18:49:20.635 INFORMACIÓN [main] org.apache.catalina.startup.VersionLoggerListener.log Command line argument:             --add-opens=java.base/java.lang=ALL-UNNAMED
19-Nov-2025 18:49:20.635 INFORMACIÓN [main] org.apache.catalina.startup.VersionLoggerListener.log Command line argument:             --add-opens=java.base/java.lang.reflect=ALL-UNNAMED
19-Nov-2025 18:49:20.635 INFORMACIÓN [main] org.apache.catalina.startup.VersionLoggerListener.log Command line argument:             --add-opens=java.base/java.io=ALL-UNNAMED
19-Nov-2025 18:49:20.635 INFORMACIÓN [main] org.apache.catalina.startup.VersionLoggerListener.log Command line argument:             --add-opens=java.base/java.util=ALL-UNNAMED
19-Nov-2025 18:49:20.635 INFORMACIÓN [main] org.apache.catalina.startup.VersionLoggerListener.log Command line argument:             --add-opens=java.base/java.util.concurrent=ALL-UNNAMED
19-Nov-2025 18:49:20.635 INFORMACIÓN [main] org.apache.catalina.startup.VersionLoggerListener.log Command line argument:             --add-opens=java.rmi/sun.rmi.transport=ALL-UNNAMED
19-Nov-2025 18:49:20.635 INFORMACIÓN [main] org.apache.catalina.startup.VersionLoggerListener.log Command line argument:             -Dcatalina.base=C:\Users\Santi-kun\IdeaProjects\PDA Entrega Final\PDA\Lab2PDA\apache-tomcat-10.1.48
19-Nov-2025 18:49:20.635 INFORMACIÓN [main] org.apache.catalina.startup.VersionLoggerListener.log Command line argument:             -Dcatalina.home=C:\Users\Santi-kun\IdeaProjects\PDA Entrega Final\PDA\Lab2PDA\apache-tomcat-10.1.48
19-Nov-2025 18:49:20.635 INFORMACIÓN [main] org.apache.catalina.startup.VersionLoggerListener.log Command line argument:             -Djava.io.tmpdir=C:\Users\Santi-kun\IdeaProjects\PDA Entrega Final\PDA\Lab2PDA\apache-tomcat-10.1.48\temp
19-Nov-2025 18:49:20.651 INFORMACIÓN [main] org.apache.catalina.core.AprLifecycleListener.lifecycleEvent La biblioteca nativa de Apache Tomcat basada en ARP que permite un rendimiento óptimo en entornos de desarrollo no ha sido hallada en java.library.path: [C:\Users\Santi-kun\AppData\Local\Programs\IntelliJ IDEA 2025.2.2\jbr\bin;C:\Windows\Sun\Java\bin;C:\Windows\system32;C:\Windows;C:\Windows\system32;C:\Windows;C:\Windows\System32\Wbem;C:\Windows\System32\WindowsPowerShell\v1.0\;C:\Windows\System32\OpenSSH\;C:\Program Files\Git\cmd;C:\Program Files\Docker\Docker\resources\bin;C:\Program Files\cursor\resources\app\bin;C:\Users\Santi-kun\scoop\apps\maven\current\bin;C:\Users\Santi-kun\scoop\shims;C:\Windows\system32;C:\Windows;C:\Windows\System32\Wbem;C:\Windows\System32\WindowsPowerShell\v1.0\;C:\Windows\System32\OpenSSH\;C:\Program Files\Git\cmd;C:\Program Files\Docker\Docker\resources\bin;C:\Users\Santi-kun\AppData\Local\Programs\Python\Python313\Scripts\;C:\Users\Santi-kun\AppData\Local\Programs\Python\Python313\;C:\Users\Santi-kun\AppData\Local\Microsoft\WindowsApps;C:\Users\Santi-kun\AppData\Local\Programs\IntelliJ IDEA 2025.2.2\bin;C:\Users\Santi-kun\AppData\Local\Programs\IntelliJ IDEA 2025.2.2\jbr\bin;C:\Users\Santi-kun\Desktop\ULTIMO ESFUERZOOO\apache-tomcat-10.1.48\apache-tomcat-10.1.48\bin;;.]
19-Nov-2025 18:49:21.026 INFORMACIÓN [main] org.apache.coyote.AbstractProtocol.init Inicializando el manejador de protocolo ["http-nio-8080"]

19-Nov-2025 18:49:21.042 INFORMACIÓN [main] org.apache.catalina.startup.Catalina.load Server initialization in [660] milliseconds
19-Nov-2025 18:49:21.104 INFORMACIÓN [main] org.apache.catalina.core.StandardService.startInternal Arrancando servicio [Catalina]
19-Nov-2025 18:49:21.104 INFORMACIÓN [main] org.apache.catalina.core.StandardEngine.startInternal Starting Servlet engine: [Apache Tomcat/10.1.48]
19-Nov-2025 18:49:21.167 INFORMACIÓN [main] org.apache.catalina.startup.HostConfig.deployWAR Despliegue del archivo [C:\Users\Santi-kun\IdeaProjects\PDA Entrega Final\PDA\Lab2PDA\apache-tomcat-10.1.48\webapps\web.war] de la aplicación web
19-Nov-2025 18:49:27.402 INFORMACIÓN [main] org.apache.jasper.servlet.TldScanner.scanJars Al menos un JAR, que se ha explorado buscando TLDs, aún no contenía TLDs. Activar historial de depuración para este historiador para una completa lista de los JARs que fueron explorados y de los que nos se halló TLDs. Saltarse JARs no necesarios durante la exploración puede dar lugar a una mejora de tiempo significativa en el arranque y compilación de JSP .
19-Nov-2025 18:49:29.230 INFORMACIÓN [main] org.apache.catalina.startup.HostConfig.deployWAR Deployment of web application archive [C:\Users\Santi-kun\IdeaProjects\PDA Entrega Final\PDA\Lab2PDA\apache-tomcat-10.1.48\webapps\web.war] has finished in [8.063] ms
19-Nov-2025 18:49:29.230 INFORMACIÓN [main] org.apache.catalina.startup.HostConfig.deployDirectory Desplegando el directorio [C:\Users\Santi-kun\IdeaProjects\PDA Entrega Final\PDA\Lab2PDA\apache-tomcat-10.1.48\webapps\docs] de la aplicación web
19-Nov-2025 18:49:29.293 INFORMACIÓN [main] org.apache.catalina.startup.HostConfig.deployDirectory Deployment of web application directory [C:\Users\Santi-kun\IdeaProjects\PDA Entrega Final\PDA\Lab2PDA\apache-tomcat-10.1.48\webapps\docs] has finished in [63] ms
19-Nov-2025 18:49:29.293 INFORMACIÓN [main] org.apache.catalina.startup.HostConfig.deployDirectory Desplegando el directorio [C:\Users\Santi-kun\IdeaProjects\PDA Entrega Final\PDA\Lab2PDA\apache-tomcat-10.1.48\webapps\examples] de la aplicación web
19-Nov-2025 18:49:30.168 INFORMACIÓN [main] org.apache.catalina.startup.HostConfig.deployDirectory Deployment of web application directory [C:\Users\Santi-kun\IdeaProjects\PDA Entrega Final\PDA\Lab2PDA\apache-tomcat-10.1.48\webapps\examples] has finished in [875] ms
19-Nov-2025 18:49:30.168 INFORMACIÓN [main] org.apache.catalina.startup.HostConfig.deployDirectory Desplegando el directorio [C:\Users\Santi-kun\IdeaProjects\PDA Entrega Final\PDA\Lab2PDA\apache-tomcat-10.1.48\webapps\host-manager] de la aplicación web
19-Nov-2025 18:49:30.262 INFORMACIÓN [main] org.apache.catalina.startup.HostConfig.deployDirectory Deployment of web application directory [C:\Users\Santi-kun\IdeaProjects\PDA Entrega Final\PDA\Lab2PDA\apache-tomcat-10.1.48\webapps\host-manager] has finished in [94] ms
19-Nov-2025 18:49:30.262 INFORMACIÓN [main] org.apache.catalina.startup.HostConfig.deployDirectory Desplegando el directorio [C:\Users\Santi-kun\IdeaProjects\PDA Entrega Final\PDA\Lab2PDA\apache-tomcat-10.1.48\webapps\LabPDAWeb_war] de la aplicación web
19-Nov-2025 18:49:34.030 INFORMACIÓN [main] org.apache.jasper.servlet.TldScanner.scanJars Al menos un JAR, que se ha explorado buscando TLDs, aún no contenía TLDs. Activar historial de depuración para este historiador para una completa lista de los JARs que fueron explorados y de los que nos se halló TLDs. Saltarse JARs no necesarios durante la exploración puede dar lugar a una mejora de tiempo significativa en el arranque y compilación de JSP .
19-Nov-2025 18:49:35.401 INFORMACIÓN [main] org.apache.catalina.startup.HostConfig.deployDirectory Deployment of web application directory [C:\Users\Santi-kun\IdeaProjects\PDA Entrega Final\PDA\Lab2PDA\apache-tomcat-10.1.48\webapps\LabPDAWeb_war] has finished in [5.139] ms
19-Nov-2025 18:49:35.402 INFORMACIÓN [main] org.apache.catalina.startup.HostConfig.deployDirectory Desplegando el directorio [C:\Users\Santi-kun\IdeaProjects\PDA Entrega Final\PDA\Lab2PDA\apache-tomcat-10.1.48\webapps\manager] de la aplicación web
19-Nov-2025 18:49:35.429 INFORMACIÓN [main] org.apache.catalina.startup.HostConfig.deployDirectory Deployment of web application directory [C:\Users\Santi-kun\IdeaProjects\PDA Entrega Final\PDA\Lab2PDA\apache-tomcat-10.1.48\webapps\manager] has finished in [27] ms
19-Nov-2025 18:49:35.429 INFORMACIÓN [main] org.apache.catalina.startup.HostConfig.deployDirectory Desplegando el directorio [C:\Users\Santi-kun\IdeaProjects\PDA Entrega Final\PDA\Lab2PDA\apache-tomcat-10.1.48\webapps\ROOT] de la aplicación web
19-Nov-2025 18:49:35.476 INFORMACIÓN [main] org.apache.catalina.startup.HostConfig.deployDirectory Deployment of web application directory [C:\Users\Santi-kun\IdeaProjects\PDA Entrega Final\PDA\Lab2PDA\apache-tomcat-10.1.48\webapps\ROOT] has finished in [47] ms
19-Nov-2025 18:49:35.491 INFORMACIÓN [main] org.apache.coyote.AbstractProtocol.start Starting ProtocolHandler ["http-nio-8080"]
19-Nov-2025 18:49:35.523 INFORMACIÓN [main] org.apache.catalina.startup.Catalina.start Server startup in [14466] milliseconds
19-Nov-2025 19:46:07.078 INFORMACIÓN [main] org.apache.catalina.startup.VersionLoggerListener.log Nombre de la versión del servidor: Apache Tomcat/10.1.48
19-Nov-2025 19:46:07.083 INFORMACIÓN [main] org.apache.catalina.startup.VersionLoggerListener.log Server built:                      Oct 10 2025 14:33:56 UTC
19-Nov-2025 19:46:07.083 INFORMACIÓN [main] org.apache.catalina.startup.VersionLoggerListener.log Número de versión de servidor:     10.1.48.0
19-Nov-2025 19:46:07.083 INFORMACIÓN [main] org.apache.catalina.startup.VersionLoggerListener.log OS Name:                           Linux
19-Nov-2025 19:46:07.083 INFORMACIÓN [main] org.apache.catalina.startup.VersionLoggerListener.log Versión de Systema Operativo:      6.14.0-35-generic
19-Nov-2025 19:46:07.083 INFORMACIÓN [main] org.apache.catalina.startup.VersionLoggerListener.log Arquitectura:                      amd64
19-Nov-2025 19:46:07.083 INFORMACIÓN [main] org.apache.catalina.startup.VersionLoggerListener.log Java Home:                         /usr/lib/jvm/java-21-openjdk-amd64
19-Nov-2025 19:46:07.084 INFORMACIÓN [main] org.apache.catalina.startup.VersionLoggerListener.log JVM Version:                       21.0.8+9-Ubuntu-0ubuntu124.04.1
19-Nov-2025 19:46:07.084 INFORMACIÓN [main] org.apache.catalina.startup.VersionLoggerListener.log Vededor JVM:                       Ubuntu
19-Nov-2025 19:46:07.084 INFORMACIÓN [main] org.apache.catalina.startup.VersionLoggerListener.log CATALINA_BASE:                     /home/gaston/Documentos/PDA/Lab2PDA/apache-tomcat-10.1.48
19-Nov-2025 19:46:07.084 INFORMACIÓN [main] org.apache.catalina.startup.VersionLoggerListener.log CATALINA_HOME:                     /home/gaston/Documentos/PDA/Lab2PDA/apache-tomcat-10.1.48
19-Nov-2025 19:46:07.094 INFORMACIÓN [main] org.apache.catalina.startup.VersionLoggerListener.log Command line argument:             -Djava.util.logging.config.file=/home/gaston/Documentos/PDA/Lab2PDA/apache-tomcat-10.1.48/conf/logging.properties
19-Nov-2025 19:46:07.094 INFORMACIÓN [main] org.apache.catalina.startup.VersionLoggerListener.log Command line argument:             -Djava.util.logging.manager=org.apache.juli.ClassLoaderLogManager
19-Nov-2025 19:46:07.095 INFORMACIÓN [main] org.apache.catalina.startup.VersionLoggerListener.log Command line argument:             -Djdk.tls.ephemeralDHKeySize=2048
19-Nov-2025 19:46:07.095 INFORMACIÓN [main] org.apache.catalina.startup.VersionLoggerListener.log Command line argument:             -Djava.protocol.handler.pkgs=org.apache.catalina.webresources
19-Nov-2025 19:46:07.095 INFORMACIÓN [main] org.apache.catalina.startup.VersionLoggerListener.log Command line argument:             -Dsun.io.useCanonCaches=false
19-Nov-2025 19:46:07.095 INFORMACIÓN [main] org.apache.catalina.startup.VersionLoggerListener.log Command line argument:             -Dorg.apache.catalina.security.SecurityListener.UMASK=0027
19-Nov-2025 19:46:07.095 INFORMACIÓN [main] org.apache.catalina.startup.VersionLoggerListener.log Command line argument:             --add-opens=java.base/java.lang=ALL-UNNAMED
19-Nov-2025 19:46:07.095 INFORMACIÓN [main] org.apache.catalina.startup.VersionLoggerListener.log Command line argument:             --add-opens=java.base/java.lang.reflect=ALL-UNNAMED
19-Nov-2025 19:46:07.095 INFORMACIÓN [main] org.apache.catalina.startup.VersionLoggerListener.log Command line argument:             --add-opens=java.base/java.io=ALL-UNNAMED
19-Nov-2025 19:46:07.096 INFORMACIÓN [main] org.apache.catalina.startup.VersionLoggerListener.log Command line argument:             --add-opens=java.base/java.util=ALL-UNNAMED
19-Nov-2025 19:46:07.096 INFORMACIÓN [main] org.apache.catalina.startup.VersionLoggerListener.log Command line argument:             --add-opens=java.base/java.util.concurrent=ALL-UNNAMED
19-Nov-2025 19:46:07.096 INFORMACIÓN [main] org.apache.catalina.startup.VersionLoggerListener.log Command line argument:             --add-opens=java.rmi/sun.rmi.transport=ALL-UNNAMED
19-Nov-2025 19:46:07.096 INFORMACIÓN [main] org.apache.catalina.startup.VersionLoggerListener.log Command line argument:             -Dcatalina.base=/home/gaston/Documentos/PDA/Lab2PDA/apache-tomcat-10.1.48
19-Nov-2025 19:46:07.096 INFORMACIÓN [main] org.apache.catalina.startup.VersionLoggerListener.log Command line argument:             -Dcatalina.home=/home/gaston/Documentos/PDA/Lab2PDA/apache-tomcat-10.1.48
19-Nov-2025 19:46:07.096 INFORMACIÓN [main] org.apache.catalina.startup.VersionLoggerListener.log Command line argument:             -Djava.io.tmpdir=/home/gaston/Documentos/PDA/Lab2PDA/apache-tomcat-10.1.48/temp
19-Nov-2025 19:46:07.106 INFORMACIÓN [main] org.apache.catalina.core.AprLifecycleListener.lifecycleEvent La biblioteca nativa de Apache Tomcat basada en ARP que permite un rendimiento óptimo en entornos de desarrollo no ha sido hallada en java.library.path: [/usr/java/packages/lib:/usr/lib/x86_64-linux-gnu/jni:/lib/x86_64-linux-gnu:/usr/lib/x86_64-linux-gnu:/usr/lib/jni:/lib:/usr/lib]
19-Nov-2025 19:46:07.481 INFORMACIÓN [main] org.apache.coyote.AbstractProtocol.init Inicializando el manejador de protocolo ["http-nio-8080"]

19-Nov-2025 19:46:07.509 INFORMACIÓN [main] org.apache.catalina.startup.Catalina.load Server initialization in [655] milliseconds
19-Nov-2025 19:46:07.571 INFORMACIÓN [main] org.apache.catalina.core.StandardService.startInternal Arrancando servicio [Catalina]
19-Nov-2025 19:46:07.572 INFORMACIÓN [main] org.apache.catalina.core.StandardEngine.startInternal Starting Servlet engine: [Apache Tomcat/10.1.48]
19-Nov-2025 19:46:07.596 INFORMACIÓN [main] org.apache.catalina.startup.HostConfig.deployWAR Despliegue del archivo [/home/gaston/Documentos/PDA/Lab2PDA/apache-tomcat-10.1.48/webapps/web.war] de la aplicación web
19-Nov-2025 19:46:07.627 INFORMACIÓN [main] org.apache.catalina.startup.ExpandWar.expand An expanded directory [/home/gaston/Documentos/PDA/Lab2PDA/apache-tomcat-10.1.48/webapps/web] was found with a last modified time that did not match the associated WAR. It will be deleted.
19-Nov-2025 19:46:10.064 INFORMACIÓN [main] org.apache.jasper.servlet.TldScanner.scanJars Al menos un JAR, que se ha explorado buscando TLDs, aún no contenía TLDs. Activar historial de depuración para este historiador para una completa lista de los JARs que fueron explorados y de los que nos se halló TLDs. Saltarse JARs no necesarios durante la exploración puede dar lugar a una mejora de tiempo significativa en el arranque y compilación de JSP .
19-Nov-2025 19:46:10.978 INFORMACIÓN [main] org.apache.catalina.startup.HostConfig.deployWAR Deployment of web application archive [/home/gaston/Documentos/PDA/Lab2PDA/apache-tomcat-10.1.48/webapps/web.war] has finished in [3.378] ms
19-Nov-2025 19:46:10.979 INFORMACIÓN [main] org.apache.catalina.startup.HostConfig.deployDirectory Desplegando el directorio [/home/gaston/Documentos/PDA/Lab2PDA/apache-tomcat-10.1.48/webapps/LabPDAWeb_war] de la aplicación web
19-Nov-2025 19:46:12.105 INFORMACIÓN [main] org.apache.jasper.servlet.TldScanner.scanJars Al menos un JAR, que se ha explorado buscando TLDs, aún no contenía TLDs. Activar historial de depuración para este historiador para una completa lista de los JARs que fueron explorados y de los que nos se halló TLDs. Saltarse JARs no necesarios durante la exploración puede dar lugar a una mejora de tiempo significativa en el arranque y compilación de JSP .
19-Nov-2025 19:46:12.756 INFORMACIÓN [main] org.apache.catalina.startup.HostConfig.deployDirectory Deployment of web application directory [/home/gaston/Documentos/PDA/Lab2PDA/apache-tomcat-10.1.48/webapps/LabPDAWeb_war] has finished in [1.776] ms
19-Nov-2025 19:46:12.757 INFORMACIÓN [main] org.apache.catalina.startup.HostConfig.deployDirectory Desplegando el directorio [/home/gaston/Documentos/PDA/Lab2PDA/apache-tomcat-10.1.48/webapps/ROOT] de la aplicación web
19-Nov-2025 19:46:12.779 INFORMACIÓN [main] org.apache.catalina.startup.HostConfig.deployDirectory Deployment of web application directory [/home/gaston/Documentos/PDA/Lab2PDA/apache-tomcat-10.1.48/webapps/ROOT] has finished in [23] ms
19-Nov-2025 19:46:12.780 INFORMACIÓN [main] org.apache.catalina.startup.HostConfig.deployDirectory Desplegando el directorio [/home/gaston/Documentos/PDA/Lab2PDA/apache-tomcat-10.1.48/webapps/examples] de la aplicación web
19-Nov-2025 19:46:12.940 INFORMACIÓN [main] org.apache.catalina.startup.HostConfig.deployDirectory Deployment of web application directory [/home/gaston/Documentos/PDA/Lab2PDA/apache-tomcat-10.1.48/webapps/examples] has finished in [159] ms
19-Nov-2025 19:46:12.940 INFORMACIÓN [main] org.apache.catalina.startup.HostConfig.deployDirectory Desplegando el directorio [/home/gaston/Documentos/PDA/Lab2PDA/apache-tomcat-10.1.48/webapps/manager] de la aplicación web
19-Nov-2025 19:46:12.965 INFORMACIÓN [main] org.apache.catalina.startup.HostConfig.deployDirectory Deployment of web application directory [/home/gaston/Documentos/PDA/Lab2PDA/apache-tomcat-10.1.48/webapps/manager] has finished in [24] ms
19-Nov-2025 19:46:12.965 INFORMACIÓN [main] org.apache.catalina.startup.HostConfig.deployDirectory Desplegando el directorio [/home/gaston/Documentos/PDA/Lab2PDA/apache-tomcat-10.1.48/webapps/docs] de la aplicación web
19-Nov-2025 19:46:12.981 INFORMACIÓN [main] org.apache.catalina.startup.HostConfig.deployDirectory Deployment of web application directory [/home/gaston/Documentos/PDA/Lab2PDA/apache-tomcat-10.1.48/webapps/docs] has finished in [15] ms
19-Nov-2025 19:46:12.981 INFORMACIÓN [main] org.apache.catalina.startup.HostConfig.deployDirectory Desplegando el directorio [/home/gaston/Documentos/PDA/Lab2PDA/apache-tomcat-10.1.48/webapps/host-manager] de la aplicación web
19-Nov-2025 19:46:12.998 INFORMACIÓN [main] org.apache.catalina.startup.HostConfig.deployDirectory Deployment of web application directory [/home/gaston/Documentos/PDA/Lab2PDA/apache-tomcat-10.1.48/webapps/host-manager] has finished in [17] ms
19-Nov-2025 19:46:13.003 INFORMACIÓN [main] org.apache.coyote.AbstractProtocol.start Starting ProtocolHandler ["http-nio-8080"]
19-Nov-2025 19:46:13.014 INFORMACIÓN [main] org.apache.catalina.startup.Catalina.start Server startup in [5503] milliseconds
