17-Nov-2025 16:14:41.363 INFORMACIÓN [main] org.apache.catalina.startup.VersionLoggerListener.log Nombre de la versión del servidor: Apache Tomcat/10.1.48
17-Nov-2025 16:14:41.373 INFORMACIÓN [main] org.apache.catalina.startup.VersionLoggerListener.log Server built:                      Oct 10 2025 14:33:56 UTC
17-Nov-2025 16:14:41.373 INFORMACIÓN [main] org.apache.catalina.startup.VersionLoggerListener.log Número de versión de servidor:     10.1.48.0
17-Nov-2025 16:14:41.373 INFORMACIÓN [main] org.apache.catalina.startup.VersionLoggerListener.log OS Name:                           Windows 11
17-Nov-2025 16:14:41.373 INFORMACIÓN [main] org.apache.catalina.startup.VersionLoggerListener.log Versión de Systema Operativo:      10.0
17-Nov-2025 16:14:41.373 INFORMACIÓN [main] org.apache.catalina.startup.VersionLoggerListener.log Arquitectura:                      amd64
17-Nov-2025 16:14:41.373 INFORMACIÓN [main] org.apache.catalina.startup.VersionLoggerListener.log Java Home:                         C:\Users\Santi-kun\AppData\Local\Programs\IntelliJ IDEA 2025.2.2\jbr
17-Nov-2025 16:14:41.373 INFORMACIÓN [main] org.apache.catalina.startup.VersionLoggerListener.log JVM Version:                       21.0.8+1-b1038.71
17-Nov-2025 16:14:41.373 INFORMACIÓN [main] org.apache.catalina.startup.VersionLoggerListener.log Vededor JVM:                       JetBrains s.r.o.
17-Nov-2025 16:14:41.373 INFORMACIÓN [main] org.apache.catalina.startup.VersionLoggerListener.log CATALINA_BASE:                     C:\Users\Santi-kun\Desktop\ULTIMO ESFUERZOOO\PDA\apache-tomcat-10.1.48
17-Nov-2025 16:14:41.373 INFORMACIÓN [main] org.apache.catalina.startup.VersionLoggerListener.log CATALINA_HOME:                     C:\Users\Santi-kun\Desktop\ULTIMO ESFUERZOOO\PDA\apache-tomcat-10.1.48
17-Nov-2025 16:14:41.428 INFORMACIÓN [main] org.apache.catalina.startup.VersionLoggerListener.log Command line argument:             -Djava.util.logging.config.file=C:\Users\Santi-kun\Desktop\ULTIMO ESFUERZOOO\PDA\apache-tomcat-10.1.48\conf\logging.properties
17-Nov-2025 16:14:41.428 INFORMACIÓN [main] org.apache.catalina.startup.VersionLoggerListener.log Command line argument:             -Djava.util.logging.manager=org.apache.juli.ClassLoaderLogManager
17-Nov-2025 16:14:41.428 INFORMACIÓN [main] org.apache.catalina.startup.VersionLoggerListener.log Command line argument:             -Djdk.tls.ephemeralDHKeySize=2048
17-Nov-2025 16:14:41.428 INFORMACIÓN [main] org.apache.catalina.startup.VersionLoggerListener.log Command line argument:             -Djava.protocol.handler.pkgs=org.apache.catalina.webresources
17-Nov-2025 16:14:41.428 INFORMACIÓN [main] org.apache.catalina.startup.VersionLoggerListener.log Command line argument:             -Dsun.io.useCanonCaches=false
17-Nov-2025 16:14:41.428 INFORMACIÓN [main] org.apache.catalina.startup.VersionLoggerListener.log Command line argument:             --add-opens=java.base/java.lang=ALL-UNNAMED
17-Nov-2025 16:14:41.428 INFORMACIÓN [main] org.apache.catalina.startup.VersionLoggerListener.log Command line argument:             --add-opens=java.base/java.lang.reflect=ALL-UNNAMED
17-Nov-2025 16:14:41.428 INFORMACIÓN [main] org.apache.catalina.startup.VersionLoggerListener.log Command line argument:             --add-opens=java.base/java.io=ALL-UNNAMED
17-Nov-2025 16:14:41.433 INFORMACIÓN [main] org.apache.catalina.startup.VersionLoggerListener.log Command line argument:             --add-opens=java.base/java.util=ALL-UNNAMED
17-Nov-2025 16:14:41.433 INFORMACIÓN [main] org.apache.catalina.startup.VersionLoggerListener.log Command line argument:             --add-opens=java.base/java.util.concurrent=ALL-UNNAMED
17-Nov-2025 16:14:41.433 INFORMACIÓN [main] org.apache.catalina.startup.VersionLoggerListener.log Command line argument:             --add-opens=java.rmi/sun.rmi.transport=ALL-UNNAMED
17-Nov-2025 16:14:41.433 INFORMACIÓN [main] org.apache.catalina.startup.VersionLoggerListener.log Command line argument:             -Dcatalina.base=C:\Users\Santi-kun\Desktop\ULTIMO ESFUERZOOO\PDA\apache-tomcat-10.1.48
17-Nov-2025 16:14:41.433 INFORMACIÓN [main] org.apache.catalina.startup.VersionLoggerListener.log Command line argument:             -Dcatalina.home=C:\Users\Santi-kun\Desktop\ULTIMO ESFUERZOOO\PDA\apache-tomcat-10.1.48
17-Nov-2025 16:14:41.433 INFORMACIÓN [main] org.apache.catalina.startup.VersionLoggerListener.log Command line argument:             -Djava.io.tmpdir=C:\Users\Santi-kun\Desktop\ULTIMO ESFUERZOOO\PDA\apache-tomcat-10.1.48\temp
17-Nov-2025 16:14:41.443 INFORMACIÓN [main] org.apache.catalina.core.AprLifecycleListener.lifecycleEvent La biblioteca nativa de Apache Tomcat basada en ARP que permite un rendimiento óptimo en entornos de desarrollo no ha sido hallada en java.library.path: [C:\Users\Santi-kun\AppData\Local\Programs\IntelliJ IDEA 2025.2.2\jbr\bin;C:\Windows\Sun\Java\bin;C:\Windows\system32;C:\Windows;C:\Windows\system32;C:\Windows;C:\Windows\System32\Wbem;C:\Windows\System32\WindowsPowerShell\v1.0\;C:\Windows\System32\OpenSSH\;C:\Program Files\Git\cmd;C:\Program Files\Docker\Docker\resources\bin;C:\Program Files\cursor\resources\app\bin;C:\Users\Santi-kun\scoop\apps\maven\current\bin;C:\Users\Santi-kun\scoop\shims;C:\Windows\system32;C:\Windows;C:\Windows\System32\Wbem;C:\Windows\System32\WindowsPowerShell\v1.0\;C:\Windows\System32\OpenSSH\;C:\Program Files\Git\cmd;C:\Program Files\Docker\Docker\resources\bin;C:\Users\Santi-kun\AppData\Local\Programs\Python\Python313\Scripts\;C:\Users\Santi-kun\AppData\Local\Programs\Python\Python313\;C:\Users\Santi-kun\AppData\Local\Microsoft\WindowsApps;C:\Users\Santi-kun\AppData\Local\Programs\IntelliJ IDEA 2025.2.2\bin;C:\Users\Santi-kun\AppData\Local\Programs\IntelliJ IDEA 2025.2.2\jbr\bin;C:\Users\Santi-kun\Desktop\ULTIMO ESFUERZOOO\apache-tomcat-10.1.48\apache-tomcat-10.1.48\bin;;.]
17-Nov-2025 16:14:42.023 INFORMACIÓN [main] org.apache.coyote.AbstractProtocol.init Inicializando el manejador de protocolo ["http-nio-8080"]

17-Nov-2025 16:14:42.063 INFORMACIÓN [main] org.apache.catalina.startup.Catalina.load Server initialization in [942] milliseconds
17-Nov-2025 16:14:42.133 INFORMACIÓN [main] org.apache.catalina.core.StandardService.startInternal Arrancando servicio [Catalina]
17-Nov-2025 16:14:42.133 INFORMACIÓN [main] org.apache.catalina.core.StandardEngine.startInternal Starting Servlet engine: [Apache Tomcat/10.1.48]
17-Nov-2025 16:14:42.218 INFORMACIÓN [main] org.apache.catalina.startup.HostConfig.deployWAR Despliegue del archivo [C:\Users\Santi-kun\Desktop\ULTIMO ESFUERZOOO\PDA\apache-tomcat-10.1.48\webapps\web.war] de la aplicación web
17-Nov-2025 16:14:51.973 INFORMACIÓN [main] org.apache.jasper.servlet.TldScanner.scanJars Al menos un JAR, que se ha explorado buscando TLDs, aún no contenía TLDs. Activar historial de depuración para este historiador para una completa lista de los JARs que fueron explorados y de los que nos se halló TLDs. Saltarse JARs no necesarios durante la exploración puede dar lugar a una mejora de tiempo significativa en el arranque y compilación de JSP .
17-Nov-2025 16:14:53.710 INFORMACIÓN [main] org.apache.catalina.startup.HostConfig.deployWAR Deployment of web application archive [C:\Users\Santi-kun\Desktop\ULTIMO ESFUERZOOO\PDA\apache-tomcat-10.1.48\webapps\web.war] has finished in [11.476] ms
17-Nov-2025 16:14:53.713 INFORMACIÓN [main] org.apache.catalina.startup.HostConfig.deployDirectory Desplegando el directorio [C:\Users\Santi-kun\Desktop\ULTIMO ESFUERZOOO\PDA\apache-tomcat-10.1.48\webapps\docs] de la aplicación web
17-Nov-2025 16:14:53.753 INFORMACIÓN [main] org.apache.catalina.startup.HostConfig.deployDirectory Deployment of web application directory [C:\Users\Santi-kun\Desktop\ULTIMO ESFUERZOOO\PDA\apache-tomcat-10.1.48\webapps\docs] has finished in [40] ms
17-Nov-2025 16:14:53.753 INFORMACIÓN [main] org.apache.catalina.startup.HostConfig.deployDirectory Desplegando el directorio [C:\Users\Santi-kun\Desktop\ULTIMO ESFUERZOOO\PDA\apache-tomcat-10.1.48\webapps\examples] de la aplicación web
17-Nov-2025 16:14:54.329 INFORMACIÓN [main] org.apache.catalina.startup.HostConfig.deployDirectory Deployment of web application directory [C:\Users\Santi-kun\Desktop\ULTIMO ESFUERZOOO\PDA\apache-tomcat-10.1.48\webapps\examples] has finished in [576] ms
17-Nov-2025 16:14:54.329 INFORMACIÓN [main] org.apache.catalina.startup.HostConfig.deployDirectory Desplegando el directorio [C:\Users\Santi-kun\Desktop\ULTIMO ESFUERZOOO\PDA\apache-tomcat-10.1.48\webapps\host-manager] de la aplicación web
17-Nov-2025 16:14:54.383 INFORMACIÓN [main] org.apache.catalina.startup.HostConfig.deployDirectory Deployment of web application directory [C:\Users\Santi-kun\Desktop\ULTIMO ESFUERZOOO\PDA\apache-tomcat-10.1.48\webapps\host-manager] has finished in [54] ms
17-Nov-2025 16:14:54.385 INFORMACIÓN [main] org.apache.catalina.startup.HostConfig.deployDirectory Desplegando el directorio [C:\Users\Santi-kun\Desktop\ULTIMO ESFUERZOOO\PDA\apache-tomcat-10.1.48\webapps\LabPDAWeb_war] de la aplicación web
17-Nov-2025 16:15:10.313 INFORMACIÓN [main] org.apache.jasper.servlet.TldScanner.scanJars Al menos un JAR, que se ha explorado buscando TLDs, aún no contenía TLDs. Activar historial de depuración para este historiador para una completa lista de los JARs que fueron explorados y de los que nos se halló TLDs. Saltarse JARs no necesarios durante la exploración puede dar lugar a una mejora de tiempo significativa en el arranque y compilación de JSP .
17-Nov-2025 16:15:13.957 INFORMACIÓN [main] org.apache.catalina.startup.HostConfig.deployDirectory Deployment of web application directory [C:\Users\Santi-kun\Desktop\ULTIMO ESFUERZOOO\PDA\apache-tomcat-10.1.48\webapps\LabPDAWeb_war] has finished in [19.571] ms
17-Nov-2025 16:15:13.958 INFORMACIÓN [main] org.apache.catalina.startup.HostConfig.deployDirectory Desplegando el directorio [C:\Users\Santi-kun\Desktop\ULTIMO ESFUERZOOO\PDA\apache-tomcat-10.1.48\webapps\manager] de la aplicación web
17-Nov-2025 16:15:14.029 INFORMACIÓN [main] org.apache.catalina.startup.HostConfig.deployDirectory Deployment of web application directory [C:\Users\Santi-kun\Desktop\ULTIMO ESFUERZOOO\PDA\apache-tomcat-10.1.48\webapps\manager] has finished in [70] ms
17-Nov-2025 16:15:14.029 INFORMACIÓN [main] org.apache.catalina.startup.HostConfig.deployDirectory Desplegando el directorio [C:\Users\Santi-kun\Desktop\ULTIMO ESFUERZOOO\PDA\apache-tomcat-10.1.48\webapps\ROOT] de la aplicación web
17-Nov-2025 16:15:14.063 INFORMACIÓN [main] org.apache.catalina.startup.HostConfig.deployDirectory Deployment of web application directory [C:\Users\Santi-kun\Desktop\ULTIMO ESFUERZOOO\PDA\apache-tomcat-10.1.48\webapps\ROOT] has finished in [34] ms
17-Nov-2025 16:15:14.072 INFORMACIÓN [main] org.apache.coyote.AbstractProtocol.start Starting ProtocolHandler ["http-nio-8080"]
17-Nov-2025 16:15:14.127 INFORMACIÓN [main] org.apache.catalina.startup.Catalina.start Server startup in [32062] milliseconds
17-Nov-2025 16:17:25.939 INFORMACIÓN [main] org.apache.catalina.startup.VersionLoggerListener.log Nombre de la versión del servidor: Apache Tomcat/10.1.48
17-Nov-2025 16:17:25.947 INFORMACIÓN [main] org.apache.catalina.startup.VersionLoggerListener.log Server built:                      Oct 10 2025 14:33:56 UTC
17-Nov-2025 16:17:25.949 INFORMACIÓN [main] org.apache.catalina.startup.VersionLoggerListener.log Número de versión de servidor:     10.1.48.0
17-Nov-2025 16:17:25.949 INFORMACIÓN [main] org.apache.catalina.startup.VersionLoggerListener.log OS Name:                           Windows 11
17-Nov-2025 16:17:25.949 INFORMACIÓN [main] org.apache.catalina.startup.VersionLoggerListener.log Versión de Systema Operativo:      10.0
17-Nov-2025 16:17:25.949 INFORMACIÓN [main] org.apache.catalina.startup.VersionLoggerListener.log Arquitectura:                      amd64
17-Nov-2025 16:17:25.949 INFORMACIÓN [main] org.apache.catalina.startup.VersionLoggerListener.log Java Home:                         C:\Users\Santi-kun\AppData\Local\Programs\IntelliJ IDEA 2025.2.2\jbr
17-Nov-2025 16:17:25.949 INFORMACIÓN [main] org.apache.catalina.startup.VersionLoggerListener.log JVM Version:                       21.0.8+1-b1038.71
17-Nov-2025 16:17:25.949 INFORMACIÓN [main] org.apache.catalina.startup.VersionLoggerListener.log Vededor JVM:                       JetBrains s.r.o.
17-Nov-2025 16:17:25.949 INFORMACIÓN [main] org.apache.catalina.startup.VersionLoggerListener.log CATALINA_BASE:                     C:\Users\Santi-kun\Desktop\ULTIMO ESFUERZOOO\PDA\apache-tomcat-10.1.48
17-Nov-2025 16:17:25.949 INFORMACIÓN [main] org.apache.catalina.startup.VersionLoggerListener.log CATALINA_HOME:                     C:\Users\Santi-kun\Desktop\ULTIMO ESFUERZOOO\PDA\apache-tomcat-10.1.48
17-Nov-2025 16:17:25.963 INFORMACIÓN [main] org.apache.catalina.startup.VersionLoggerListener.log Command line argument:             -Djava.util.logging.config.file=C:\Users\Santi-kun\Desktop\ULTIMO ESFUERZOOO\PDA\apache-tomcat-10.1.48\conf\logging.properties
17-Nov-2025 16:17:25.963 INFORMACIÓN [main] org.apache.catalina.startup.VersionLoggerListener.log Command line argument:             -Djava.util.logging.manager=org.apache.juli.ClassLoaderLogManager
17-Nov-2025 16:17:25.963 INFORMACIÓN [main] org.apache.catalina.startup.VersionLoggerListener.log Command line argument:             -Djdk.tls.ephemeralDHKeySize=2048
17-Nov-2025 16:17:25.963 INFORMACIÓN [main] org.apache.catalina.startup.VersionLoggerListener.log Command line argument:             -Djava.protocol.handler.pkgs=org.apache.catalina.webresources
17-Nov-2025 16:17:25.963 INFORMACIÓN [main] org.apache.catalina.startup.VersionLoggerListener.log Command line argument:             -Dsun.io.useCanonCaches=false
17-Nov-2025 16:17:25.963 INFORMACIÓN [main] org.apache.catalina.startup.VersionLoggerListener.log Command line argument:             --add-opens=java.base/java.lang=ALL-UNNAMED
17-Nov-2025 16:17:25.963 INFORMACIÓN [main] org.apache.catalina.startup.VersionLoggerListener.log Command line argument:             --add-opens=java.base/java.lang.reflect=ALL-UNNAMED
17-Nov-2025 16:17:25.963 INFORMACIÓN [main] org.apache.catalina.startup.VersionLoggerListener.log Command line argument:             --add-opens=java.base/java.io=ALL-UNNAMED
17-Nov-2025 16:17:25.963 INFORMACIÓN [main] org.apache.catalina.startup.VersionLoggerListener.log Command line argument:             --add-opens=java.base/java.util=ALL-UNNAMED
17-Nov-2025 16:17:25.963 INFORMACIÓN [main] org.apache.catalina.startup.VersionLoggerListener.log Command line argument:             --add-opens=java.base/java.util.concurrent=ALL-UNNAMED
17-Nov-2025 16:17:25.963 INFORMACIÓN [main] org.apache.catalina.startup.VersionLoggerListener.log Command line argument:             --add-opens=java.rmi/sun.rmi.transport=ALL-UNNAMED
17-Nov-2025 16:17:25.963 INFORMACIÓN [main] org.apache.catalina.startup.VersionLoggerListener.log Command line argument:             -Dcatalina.base=C:\Users\Santi-kun\Desktop\ULTIMO ESFUERZOOO\PDA\apache-tomcat-10.1.48
17-Nov-2025 16:17:25.963 INFORMACIÓN [main] org.apache.catalina.startup.VersionLoggerListener.log Command line argument:             -Dcatalina.home=C:\Users\Santi-kun\Desktop\ULTIMO ESFUERZOOO\PDA\apache-tomcat-10.1.48
17-Nov-2025 16:17:25.963 INFORMACIÓN [main] org.apache.catalina.startup.VersionLoggerListener.log Command line argument:             -Djava.io.tmpdir=C:\Users\Santi-kun\Desktop\ULTIMO ESFUERZOOO\PDA\apache-tomcat-10.1.48\temp
17-Nov-2025 16:17:25.974 INFORMACIÓN [main] org.apache.catalina.core.AprLifecycleListener.lifecycleEvent La biblioteca nativa de Apache Tomcat basada en ARP que permite un rendimiento óptimo en entornos de desarrollo no ha sido hallada en java.library.path: [C:\Users\Santi-kun\AppData\Local\Programs\IntelliJ IDEA 2025.2.2\jbr\bin;C:\Windows\Sun\Java\bin;C:\Windows\system32;C:\Windows;C:\Windows\system32;C:\Windows;C:\Windows\System32\Wbem;C:\Windows\System32\WindowsPowerShell\v1.0\;C:\Windows\System32\OpenSSH\;C:\Program Files\Git\cmd;C:\Program Files\Docker\Docker\resources\bin;C:\Program Files\cursor\resources\app\bin;C:\Users\Santi-kun\scoop\apps\maven\current\bin;C:\Users\Santi-kun\scoop\shims;C:\Windows\system32;C:\Windows;C:\Windows\System32\Wbem;C:\Windows\System32\WindowsPowerShell\v1.0\;C:\Windows\System32\OpenSSH\;C:\Program Files\Git\cmd;C:\Program Files\Docker\Docker\resources\bin;C:\Users\Santi-kun\AppData\Local\Programs\Python\Python313\Scripts\;C:\Users\Santi-kun\AppData\Local\Programs\Python\Python313\;C:\Users\Santi-kun\AppData\Local\Microsoft\WindowsApps;C:\Users\Santi-kun\AppData\Local\Programs\IntelliJ IDEA 2025.2.2\bin;C:\Users\Santi-kun\AppData\Local\Programs\IntelliJ IDEA 2025.2.2\jbr\bin;C:\Users\Santi-kun\Desktop\ULTIMO ESFUERZOOO\apache-tomcat-10.1.48\apache-tomcat-10.1.48\bin;;.]
17-Nov-2025 16:17:26.399 INFORMACIÓN [main] org.apache.coyote.AbstractProtocol.init Inicializando el manejador de protocolo ["http-nio-8080"]

17-Nov-2025 16:17:26.439 INFORMACIÓN [main] org.apache.catalina.startup.Catalina.load Server initialization in [779] milliseconds
17-Nov-2025 16:17:26.506 INFORMACIÓN [main] org.apache.catalina.core.StandardService.startInternal Arrancando servicio [Catalina]
17-Nov-2025 16:17:26.509 INFORMACIÓN [main] org.apache.catalina.core.StandardEngine.startInternal Starting Servlet engine: [Apache Tomcat/10.1.48]
17-Nov-2025 16:17:26.554 INFORMACIÓN [main] org.apache.catalina.startup.HostConfig.deployWAR Despliegue del archivo [C:\Users\Santi-kun\Desktop\ULTIMO ESFUERZOOO\PDA\apache-tomcat-10.1.48\webapps\web.war] de la aplicación web
17-Nov-2025 16:17:30.339 INFORMACIÓN [main] org.apache.jasper.servlet.TldScanner.scanJars Al menos un JAR, que se ha explorado buscando TLDs, aún no contenía TLDs. Activar historial de depuración para este historiador para una completa lista de los JARs que fueron explorados y de los que nos se halló TLDs. Saltarse JARs no necesarios durante la exploración puede dar lugar a una mejora de tiempo significativa en el arranque y compilación de JSP .
17-Nov-2025 16:17:32.021 INFORMACIÓN [main] org.apache.catalina.startup.HostConfig.deployWAR Deployment of web application archive [C:\Users\Santi-kun\Desktop\ULTIMO ESFUERZOOO\PDA\apache-tomcat-10.1.48\webapps\web.war] has finished in [5.469] ms
17-Nov-2025 16:17:32.022 INFORMACIÓN [main] org.apache.catalina.startup.HostConfig.deployDirectory Desplegando el directorio [C:\Users\Santi-kun\Desktop\ULTIMO ESFUERZOOO\PDA\apache-tomcat-10.1.48\webapps\docs] de la aplicación web
17-Nov-2025 16:17:32.064 INFORMACIÓN [main] org.apache.catalina.startup.HostConfig.deployDirectory Deployment of web application directory [C:\Users\Santi-kun\Desktop\ULTIMO ESFUERZOOO\PDA\apache-tomcat-10.1.48\webapps\docs] has finished in [42] ms
17-Nov-2025 16:17:32.065 INFORMACIÓN [main] org.apache.catalina.startup.HostConfig.deployDirectory Desplegando el directorio [C:\Users\Santi-kun\Desktop\ULTIMO ESFUERZOOO\PDA\apache-tomcat-10.1.48\webapps\examples] de la aplicación web
17-Nov-2025 16:17:32.606 INFORMACIÓN [main] org.apache.catalina.startup.HostConfig.deployDirectory Deployment of web application directory [C:\Users\Santi-kun\Desktop\ULTIMO ESFUERZOOO\PDA\apache-tomcat-10.1.48\webapps\examples] has finished in [541] ms
17-Nov-2025 16:17:32.607 INFORMACIÓN [main] org.apache.catalina.startup.HostConfig.deployDirectory Desplegando el directorio [C:\Users\Santi-kun\Desktop\ULTIMO ESFUERZOOO\PDA\apache-tomcat-10.1.48\webapps\host-manager] de la aplicación web
17-Nov-2025 16:17:32.680 INFORMACIÓN [main] org.apache.catalina.startup.HostConfig.deployDirectory Deployment of web application directory [C:\Users\Santi-kun\Desktop\ULTIMO ESFUERZOOO\PDA\apache-tomcat-10.1.48\webapps\host-manager] has finished in [73] ms
17-Nov-2025 16:17:32.681 INFORMACIÓN [main] org.apache.catalina.startup.HostConfig.deployDirectory Desplegando el directorio [C:\Users\Santi-kun\Desktop\ULTIMO ESFUERZOOO\PDA\apache-tomcat-10.1.48\webapps\LabPDAWeb_war] de la aplicación web
17-Nov-2025 16:17:35.655 INFORMACIÓN [main] org.apache.jasper.servlet.TldScanner.scanJars Al menos un JAR, que se ha explorado buscando TLDs, aún no contenía TLDs. Activar historial de depuración para este historiador para una completa lista de los JARs que fueron explorados y de los que nos se halló TLDs. Saltarse JARs no necesarios durante la exploración puede dar lugar a una mejora de tiempo significativa en el arranque y compilación de JSP .
17-Nov-2025 16:17:37.042 INFORMACIÓN [main] org.apache.catalina.startup.HostConfig.deployDirectory Deployment of web application directory [C:\Users\Santi-kun\Desktop\ULTIMO ESFUERZOOO\PDA\apache-tomcat-10.1.48\webapps\LabPDAWeb_war] has finished in [4.361] ms
17-Nov-2025 16:17:37.042 INFORMACIÓN [main] org.apache.catalina.startup.HostConfig.deployDirectory Desplegando el directorio [C:\Users\Santi-kun\Desktop\ULTIMO ESFUERZOOO\PDA\apache-tomcat-10.1.48\webapps\manager] de la aplicación web
17-Nov-2025 16:17:37.085 INFORMACIÓN [main] org.apache.catalina.startup.HostConfig.deployDirectory Deployment of web application directory [C:\Users\Santi-kun\Desktop\ULTIMO ESFUERZOOO\PDA\apache-tomcat-10.1.48\webapps\manager] has finished in [43] ms
17-Nov-2025 16:17:37.085 INFORMACIÓN [main] org.apache.catalina.startup.HostConfig.deployDirectory Desplegando el directorio [C:\Users\Santi-kun\Desktop\ULTIMO ESFUERZOOO\PDA\apache-tomcat-10.1.48\webapps\ROOT] de la aplicación web
17-Nov-2025 16:17:37.120 INFORMACIÓN [main] org.apache.catalina.startup.HostConfig.deployDirectory Deployment of web application directory [C:\Users\Santi-kun\Desktop\ULTIMO ESFUERZOOO\PDA\apache-tomcat-10.1.48\webapps\ROOT] has finished in [35] ms
17-Nov-2025 16:17:37.126 INFORMACIÓN [main] org.apache.coyote.AbstractProtocol.start Starting ProtocolHandler ["http-nio-8080"]
17-Nov-2025 16:17:37.154 INFORMACIÓN [main] org.apache.catalina.startup.Catalina.start Server startup in [10713] milliseconds
17-Nov-2025 16:18:55.788 INFORMACIÓN [main] org.apache.catalina.startup.VersionLoggerListener.log Nombre de la versión del servidor: Apache Tomcat/10.1.48
17-Nov-2025 16:18:55.788 INFORMACIÓN [main] org.apache.catalina.startup.VersionLoggerListener.log Server built:                      Oct 10 2025 14:33:56 UTC
17-Nov-2025 16:18:55.788 INFORMACIÓN [main] org.apache.catalina.startup.VersionLoggerListener.log Número de versión de servidor:     10.1.48.0
17-Nov-2025 16:18:55.788 INFORMACIÓN [main] org.apache.catalina.startup.VersionLoggerListener.log OS Name:                           Windows 11
17-Nov-2025 16:18:55.788 INFORMACIÓN [main] org.apache.catalina.startup.VersionLoggerListener.log Versión de Systema Operativo:      10.0
17-Nov-2025 16:18:55.788 INFORMACIÓN [main] org.apache.catalina.startup.VersionLoggerListener.log Arquitectura:                      amd64
17-Nov-2025 16:18:55.788 INFORMACIÓN [main] org.apache.catalina.startup.VersionLoggerListener.log Java Home:                         C:\Users\Santi-kun\AppData\Local\Programs\IntelliJ IDEA 2025.2.2\jbr
17-Nov-2025 16:18:55.788 INFORMACIÓN [main] org.apache.catalina.startup.VersionLoggerListener.log JVM Version:                       21.0.8+1-b1038.71
17-Nov-2025 16:18:55.788 INFORMACIÓN [main] org.apache.catalina.startup.VersionLoggerListener.log Vededor JVM:                       JetBrains s.r.o.
17-Nov-2025 16:18:55.788 INFORMACIÓN [main] org.apache.catalina.startup.VersionLoggerListener.log CATALINA_BASE:                     C:\Users\Santi-kun\Desktop\ULTIMO ESFUERZOOO\PDA\apache-tomcat-10.1.48
17-Nov-2025 16:18:55.788 INFORMACIÓN [main] org.apache.catalina.startup.VersionLoggerListener.log CATALINA_HOME:                     C:\Users\Santi-kun\Desktop\ULTIMO ESFUERZOOO\PDA\apache-tomcat-10.1.48
17-Nov-2025 16:18:55.810 INFORMACIÓN [main] org.apache.catalina.startup.VersionLoggerListener.log Command line argument:             -Djava.util.logging.config.file=C:\Users\Santi-kun\Desktop\ULTIMO ESFUERZOOO\PDA\apache-tomcat-10.1.48\conf\logging.properties
17-Nov-2025 16:18:55.810 INFORMACIÓN [main] org.apache.catalina.startup.VersionLoggerListener.log Command line argument:             -Djava.util.logging.manager=org.apache.juli.ClassLoaderLogManager
17-Nov-2025 16:18:55.810 INFORMACIÓN [main] org.apache.catalina.startup.VersionLoggerListener.log Command line argument:             -Djdk.tls.ephemeralDHKeySize=2048
17-Nov-2025 16:18:55.810 INFORMACIÓN [main] org.apache.catalina.startup.VersionLoggerListener.log Command line argument:             -Djava.protocol.handler.pkgs=org.apache.catalina.webresources
17-Nov-2025 16:18:55.810 INFORMACIÓN [main] org.apache.catalina.startup.VersionLoggerListener.log Command line argument:             -Dsun.io.useCanonCaches=false
17-Nov-2025 16:18:55.810 INFORMACIÓN [main] org.apache.catalina.startup.VersionLoggerListener.log Command line argument:             --add-opens=java.base/java.lang=ALL-UNNAMED
17-Nov-2025 16:18:55.810 INFORMACIÓN [main] org.apache.catalina.startup.VersionLoggerListener.log Command line argument:             --add-opens=java.base/java.lang.reflect=ALL-UNNAMED
17-Nov-2025 16:18:55.810 INFORMACIÓN [main] org.apache.catalina.startup.VersionLoggerListener.log Command line argument:             --add-opens=java.base/java.io=ALL-UNNAMED
17-Nov-2025 16:18:55.810 INFORMACIÓN [main] org.apache.catalina.startup.VersionLoggerListener.log Command line argument:             --add-opens=java.base/java.util=ALL-UNNAMED
17-Nov-2025 16:18:55.810 INFORMACIÓN [main] org.apache.catalina.startup.VersionLoggerListener.log Command line argument:             --add-opens=java.base/java.util.concurrent=ALL-UNNAMED
17-Nov-2025 16:18:55.810 INFORMACIÓN [main] org.apache.catalina.startup.VersionLoggerListener.log Command line argument:             --add-opens=java.rmi/sun.rmi.transport=ALL-UNNAMED
17-Nov-2025 16:18:55.810 INFORMACIÓN [main] org.apache.catalina.startup.VersionLoggerListener.log Command line argument:             -Dcatalina.base=C:\Users\Santi-kun\Desktop\ULTIMO ESFUERZOOO\PDA\apache-tomcat-10.1.48
17-Nov-2025 16:18:55.810 INFORMACIÓN [main] org.apache.catalina.startup.VersionLoggerListener.log Command line argument:             -Dcatalina.home=C:\Users\Santi-kun\Desktop\ULTIMO ESFUERZOOO\PDA\apache-tomcat-10.1.48
17-Nov-2025 16:18:55.810 INFORMACIÓN [main] org.apache.catalina.startup.VersionLoggerListener.log Command line argument:             -Djava.io.tmpdir=C:\Users\Santi-kun\Desktop\ULTIMO ESFUERZOOO\PDA\apache-tomcat-10.1.48\temp
17-Nov-2025 16:18:55.826 INFORMACIÓN [main] org.apache.catalina.core.AprLifecycleListener.lifecycleEvent La biblioteca nativa de Apache Tomcat basada en ARP que permite un rendimiento óptimo en entornos de desarrollo no ha sido hallada en java.library.path: [C:\Users\Santi-kun\AppData\Local\Programs\IntelliJ IDEA 2025.2.2\jbr\bin;C:\Windows\Sun\Java\bin;C:\Windows\system32;C:\Windows;C:\Windows\system32;C:\Windows;C:\Windows\System32\Wbem;C:\Windows\System32\WindowsPowerShell\v1.0\;C:\Windows\System32\OpenSSH\;C:\Program Files\Git\cmd;C:\Program Files\Docker\Docker\resources\bin;C:\Program Files\cursor\resources\app\bin;C:\Users\Santi-kun\scoop\apps\maven\current\bin;C:\Users\Santi-kun\scoop\shims;C:\Windows\system32;C:\Windows;C:\Windows\System32\Wbem;C:\Windows\System32\WindowsPowerShell\v1.0\;C:\Windows\System32\OpenSSH\;C:\Program Files\Git\cmd;C:\Program Files\Docker\Docker\resources\bin;C:\Users\Santi-kun\AppData\Local\Programs\Python\Python313\Scripts\;C:\Users\Santi-kun\AppData\Local\Programs\Python\Python313\;C:\Users\Santi-kun\AppData\Local\Microsoft\WindowsApps;C:\Users\Santi-kun\AppData\Local\Programs\IntelliJ IDEA 2025.2.2\bin;C:\Users\Santi-kun\AppData\Local\Programs\IntelliJ IDEA 2025.2.2\jbr\bin;C:\Users\Santi-kun\Desktop\ULTIMO ESFUERZOOO\apache-tomcat-10.1.48\apache-tomcat-10.1.48\bin;;.]
17-Nov-2025 16:18:56.248 INFORMACIÓN [main] org.apache.coyote.AbstractProtocol.init Inicializando el manejador de protocolo ["http-nio-8080"]

17-Nov-2025 16:18:56.279 INFORMACIÓN [main] org.apache.catalina.startup.Catalina.load Server initialization in [754] milliseconds
17-Nov-2025 16:18:56.342 INFORMACIÓN [main] org.apache.catalina.core.StandardService.startInternal Arrancando servicio [Catalina]
17-Nov-2025 16:18:56.342 INFORMACIÓN [main] org.apache.catalina.core.StandardEngine.startInternal Starting Servlet engine: [Apache Tomcat/10.1.48]
17-Nov-2025 16:18:56.373 INFORMACIÓN [main] org.apache.catalina.startup.HostConfig.deployWAR Despliegue del archivo [C:\Users\Santi-kun\Desktop\ULTIMO ESFUERZOOO\PDA\apache-tomcat-10.1.48\webapps\web.war] de la aplicación web
17-Nov-2025 16:18:59.670 INFORMACIÓN [main] org.apache.jasper.servlet.TldScanner.scanJars Al menos un JAR, que se ha explorado buscando TLDs, aún no contenía TLDs. Activar historial de depuración para este historiador para una completa lista de los JARs que fueron explorados y de los que nos se halló TLDs. Saltarse JARs no necesarios durante la exploración puede dar lugar a una mejora de tiempo significativa en el arranque y compilación de JSP .
17-Nov-2025 16:19:01.186 INFORMACIÓN [main] org.apache.catalina.startup.HostConfig.deployWAR Deployment of web application archive [C:\Users\Santi-kun\Desktop\ULTIMO ESFUERZOOO\PDA\apache-tomcat-10.1.48\webapps\web.war] has finished in [4.797] ms
17-Nov-2025 16:19:01.186 INFORMACIÓN [main] org.apache.catalina.startup.HostConfig.deployDirectory Desplegando el directorio [C:\Users\Santi-kun\Desktop\ULTIMO ESFUERZOOO\PDA\apache-tomcat-10.1.48\webapps\docs] de la aplicación web
17-Nov-2025 16:19:01.233 INFORMACIÓN [main] org.apache.catalina.startup.HostConfig.deployDirectory Deployment of web application directory [C:\Users\Santi-kun\Desktop\ULTIMO ESFUERZOOO\PDA\apache-tomcat-10.1.48\webapps\docs] has finished in [47] ms
17-Nov-2025 16:19:01.233 INFORMACIÓN [main] org.apache.catalina.startup.HostConfig.deployDirectory Desplegando el directorio [C:\Users\Santi-kun\Desktop\ULTIMO ESFUERZOOO\PDA\apache-tomcat-10.1.48\webapps\examples] de la aplicación web
17-Nov-2025 16:19:01.717 INFORMACIÓN [main] org.apache.catalina.startup.HostConfig.deployDirectory Deployment of web application directory [C:\Users\Santi-kun\Desktop\ULTIMO ESFUERZOOO\PDA\apache-tomcat-10.1.48\webapps\examples] has finished in [484] ms
17-Nov-2025 16:19:01.717 INFORMACIÓN [main] org.apache.catalina.startup.HostConfig.deployDirectory Desplegando el directorio [C:\Users\Santi-kun\Desktop\ULTIMO ESFUERZOOO\PDA\apache-tomcat-10.1.48\webapps\host-manager] de la aplicación web
17-Nov-2025 16:19:01.764 INFORMACIÓN [main] org.apache.catalina.startup.HostConfig.deployDirectory Deployment of web application directory [C:\Users\Santi-kun\Desktop\ULTIMO ESFUERZOOO\PDA\apache-tomcat-10.1.48\webapps\host-manager] has finished in [47] ms
17-Nov-2025 16:19:01.764 INFORMACIÓN [main] org.apache.catalina.startup.HostConfig.deployDirectory Desplegando el directorio [C:\Users\Santi-kun\Desktop\ULTIMO ESFUERZOOO\PDA\apache-tomcat-10.1.48\webapps\LabPDAWeb_war] de la aplicación web
17-Nov-2025 16:19:04.077 INFORMACIÓN [main] org.apache.jasper.servlet.TldScanner.scanJars Al menos un JAR, que se ha explorado buscando TLDs, aún no contenía TLDs. Activar historial de depuración para este historiador para una completa lista de los JARs que fueron explorados y de los que nos se halló TLDs. Saltarse JARs no necesarios durante la exploración puede dar lugar a una mejora de tiempo significativa en el arranque y compilación de JSP .
17-Nov-2025 16:19:05.248 INFORMACIÓN [main] org.apache.catalina.startup.HostConfig.deployDirectory Deployment of web application directory [C:\Users\Santi-kun\Desktop\ULTIMO ESFUERZOOO\PDA\apache-tomcat-10.1.48\webapps\LabPDAWeb_war] has finished in [3.484] ms
17-Nov-2025 16:19:05.248 INFORMACIÓN [main] org.apache.catalina.startup.HostConfig.deployDirectory Desplegando el directorio [C:\Users\Santi-kun\Desktop\ULTIMO ESFUERZOOO\PDA\apache-tomcat-10.1.48\webapps\manager] de la aplicación web
17-Nov-2025 16:19:05.294 INFORMACIÓN [main] org.apache.catalina.startup.HostConfig.deployDirectory Deployment of web application directory [C:\Users\Santi-kun\Desktop\ULTIMO ESFUERZOOO\PDA\apache-tomcat-10.1.48\webapps\manager] has finished in [46] ms
17-Nov-2025 16:19:05.294 INFORMACIÓN [main] org.apache.catalina.startup.HostConfig.deployDirectory Desplegando el directorio [C:\Users\Santi-kun\Desktop\ULTIMO ESFUERZOOO\PDA\apache-tomcat-10.1.48\webapps\ROOT] de la aplicación web
17-Nov-2025 16:19:05.326 INFORMACIÓN [main] org.apache.catalina.startup.HostConfig.deployDirectory Deployment of web application directory [C:\Users\Santi-kun\Desktop\ULTIMO ESFUERZOOO\PDA\apache-tomcat-10.1.48\webapps\ROOT] has finished in [32] ms
17-Nov-2025 16:19:05.326 INFORMACIÓN [main] org.apache.coyote.AbstractProtocol.start Starting ProtocolHandler ["http-nio-8080"]
17-Nov-2025 16:19:05.341 INFORMACIÓN [main] org.apache.catalina.startup.Catalina.start Server startup in [9065] milliseconds
